<?xml version="1.0" encoding="UTF-8"?>
<!-- Generated by org.testng.reporters.JUnitReportReporter -->
<testsuite skipped="0" hostname="juneds-MacBook-Pro.local" name="Tests.FlightsPageTest" tests="2" failures="0" timestamp="11 Oct 2018 19:58:15 GMT" time="52.292" errors="0">
  <testcase name="pageTitleValidationTest" time="26.560" classname="Tests.FlightsPageTest"/>
  <testcase name="properUrlTest" time="25.732" classname="Tests.FlightsPageTest"/>
</testsuite> <!-- Tests.FlightsPageTest -->
