<?xml version="1.0" encoding="UTF-8"?>
<!-- Generated by org.testng.reporters.JUnitReportReporter -->
<testsuite skipped="0" hostname="juneds-MacBook-Pro.local" name="Tests.HomePageTest" tests="2" failures="0" timestamp="03 Oct 2018 22:58:46 GMT" time="49.658" errors="0">
  <testcase name="testRoundTripFlightWithOneAdult" time="32.270" classname="Tests.HomePageTest"/>
  <testcase name="ValidateHeroBannerImgUrl" time="17.388" classname="Tests.HomePageTest"/>
</testsuite> <!-- Tests.HomePageTest -->
