<?xml version="1.0" encoding="UTF-8"?>
<!-- Generated by org.testng.reporters.JUnitReportReporter -->
<testsuite skipped="0" hostname="juneds-MacBook-Pro.local" name="Tests.testKeywordDriven.KeywordDrivenHomePageTest" tests="1" failures="0" timestamp="03 Oct 2018 22:58:46 GMT" time="27.638" errors="0">
  <testcase name="verifyPageTitle" time="27.638" classname="Tests.testKeywordDriven.KeywordDrivenHomePageTest"/>
</testsuite> <!-- Tests.testKeywordDriven.KeywordDrivenHomePageTest -->
