<?xml version="1.0" encoding="UTF-8"?>
<!-- Generated by org.testng.reporters.JUnitReportReporter -->
<testsuite skipped="0" hostname="juneds-MacBook-Pro.local" name="Tests.DataBaseHomePageTest" tests="1" failures="0" timestamp="11 Oct 2018 19:58:15 GMT" time="18.054" errors="0">
  <testcase name="navbarLinksTest" time="18.054" classname="Tests.DataBaseHomePageTest"/>
</testsuite> <!-- Tests.DataBaseHomePageTest -->
