<?xml version="1.0" encoding="UTF-8"?>
<!-- Generated by org.testng.reporters.JUnitReportReporter -->
<testsuite skipped="0" hostname="juneds-MacBook-Pro.local" name="Tests.CruisesPageTest" tests="14" failures="0" timestamp="11 Oct 2018 19:58:15 GMT" time="549.163" errors="0">
  <testcase name="allInclusiveCruisesCountTest" time="19.683" classname="Tests.CruisesPageTest"/>
  <testcase name="discountCruisesCountTest" time="21.586" classname="Tests.CruisesPageTest"/>
  <testcase name="pageUrlTest" time="173.552" classname="Tests.CruisesPageTest"/>
  <testcase name="takeAVacationonTheseAllInclusiveCruisesLabelVisibilityTest" time="26.264" classname="Tests.CruisesPageTest"/>
  <testcase name="yourFirstStopforDiscountCruisesLabelVisibilityTest" time="23.967" classname="Tests.CruisesPageTest"/>
  <testcase name="lastMinuteCruiseDealsVacationIdeasLabelVisibilityTest" time="23.219" classname="Tests.CruisesPageTest"/>
  <testcase name="cruiseDealsandDiscountsontheBestCruiseLinesLabelVisibilityTest" time="15.661" classname="Tests.CruisesPageTest"/>
  <testcase name="enjoytThetBestCruiseTravelDestinationsLabelVisibilityTest" time="25.533" classname="Tests.CruisesPageTest"/>
  <testcase name="pageTitleValidateTest" time="29.398" classname="Tests.CruisesPageTest"/>
  <testcase name="lastMinuteCruisesCountTest" time="20.635" classname="Tests.CruisesPageTest"/>
  <testcase name="headerLabelTextValidationTest" time="25.968" classname="Tests.CruisesPageTest"/>
  <testcase name="bestCruisesCountTest" time="19.943" classname="Tests.CruisesPageTest"/>
  <testcase name="cruisesLinkisUnderLinedTest" time="22.712" classname="Tests.CruisesPageTest"/>
  <testcase name="destinationCruisesCountTest" time="101.042" classname="Tests.CruisesPageTest"/>
</testsuite> <!-- Tests.CruisesPageTest -->
