<?xml version="1.0" encoding="UTF-8"?>
<!-- Generated by org.testng.reporters.JUnitReportReporter -->
<testsuite skipped="0" hostname="juneds-MacBook-Pro.local" name="Tests.DataBaseHomePageTest" tests="1" failures="0" timestamp="03 Oct 2018 22:58:46 GMT" time="19.401" errors="0">
  <testcase name="navbarLinksTest" time="19.401" classname="Tests.DataBaseHomePageTest"/>
</testsuite> <!-- Tests.DataBaseHomePageTest -->
