<?xml version="1.0" encoding="UTF-8"?>
<!-- Generated by org.testng.reporters.JUnitReportReporter -->
<testsuite skipped="0" hostname="juneds-MBP.home" name="OpenWeatherMap.GetRequestTest" tests="4" failures="0" timestamp="25 Oct 2018 23:18:33 GMT" time="4.659" errors="0">
  <testcase name="testResponseTime" time="0.570" classname="OpenWeatherMap.GetRequestTest"/>
  <testcase name="testResponseCode" time="0.602" classname="OpenWeatherMap.GetRequestTest"/>
  <testcase name="testResponseCity" time="2.921" classname="OpenWeatherMap.GetRequestTest"/>
  <testcase name="testResponseID" time="0.566" classname="OpenWeatherMap.GetRequestTest"/>
</testsuite> <!-- OpenWeatherMap.GetRequestTest -->
